arbeitskreise/softwaretechnik/themenbereiche/analyse.html:43: HTML parser error : htmlParseEntityRef: expecting ';'
    <TD width="120" align="right"><A NAME="Ablaufmodell"></A>&nbsp<br>
                                                                  ^
arbeitskreise/softwaretechnik/themenbereiche/analyse.html:99: HTML parser error : htmlParseEntityRef: expecting ';'
    <TD width="120" align="right"><A NAME="Anforderungen"></A>&nbsp<br>
                                                                   ^
arbeitskreise/softwaretechnik/themenbereiche/analyse.html:138: HTML parser error : Unexpected end tag : p
iften, Pr&uuml;fverfahren sowie die  Entwicklungs- Dokumentation. </li> </ul></p
                                                                               ^
arbeitskreise/softwaretechnik/themenbereiche/analyse.html:153: HTML parser error : htmlParseEntityRef: expecting ';'
    <TD width="120" align="right"><A NAME="Anforderungskatalog"></A>&nbsp<br>
                                                                         ^
arbeitskreise/softwaretechnik/themenbereiche/analyse.html:186: HTML parser error : Unexpected end tag : a
ak.html#HBB94b">HBB+94b</a>],  [<a href="../publallg.html#VDI89">VDI89</a>].</a>
                                                                               ^
arbeitskreise/softwaretechnik/themenbereiche/analyse.html:207: HTML parser error : htmlParseEntityRef: expecting ';'
    <TD width="120" align="right"><A NAME="Anwendungsmodell"></A>&nbsp<br>
                                                                      ^
arbeitskreise/softwaretechnik/themenbereiche/analyse.html:261: HTML parser error : htmlParseEntityRef: expecting ';'
    <TD width="120" align="right"><A NAME="Auftraggeber"></A>&nbsp<br>
                                                                  ^
arbeitskreise/softwaretechnik/themenbereiche/analyse.html:315: HTML parser error : htmlParseEntityRef: expecting ';'
    <TD width="120" align="right"><A NAME="Auftragnehmer"></A>&nbsp<br>
                                                                   ^
arbeitskreise/softwaretechnik/themenbereiche/analyse.html:369: HTML parser error : htmlParseEntityRef: expecting ';'
    <TD width="120" align="right"><A NAME="Benutzungsschnittstelle"></A>&nbsp<br
                                                                             ^
arbeitskreise/softwaretechnik/themenbereiche/analyse.html:423: HTML parser error : htmlParseEntityRef: expecting ';'
    <TD width="120" align="right"><A NAME="Betriebsart"></A>&nbsp<br>
                                                                 ^
arbeitskreise/softwaretechnik/themenbereiche/analyse.html:477: HTML parser error : htmlParseEntityRef: expecting ';'
    <TD width="120" align="right"><A NAME="Datenmodell"></A>&nbsp<br>
                                                                 ^
arbeitskreise/softwaretechnik/themenbereiche/analyse.html:531: HTML parser error : htmlParseEntityRef: expecting ';'
    <TD width="120" align="right"><A NAME="Dialog"></A>&nbsp<br>
                                                            ^
arbeitskreise/softwaretechnik/themenbereiche/analyse.html:585: HTML parser error : htmlParseEntityRef: expecting ';'
    <TD width="120" align="right"><A NAME="Durchführbarkeitsstudie"></A>&nbsp<b
                                                                              ^
arbeitskreise/softwaretechnik/themenbereiche/analyse.html:639: HTML parser error : htmlParseEntityRef: expecting ';'
    <TD width="120" align="right"><A NAME="Fachkonzept"></A>&nbsp<br>
                                                                 ^
arbeitskreise/softwaretechnik/themenbereiche/analyse.html:693: HTML parser error : htmlParseEntityRef: expecting ';'
    <TD width="120" align="right"><A NAME="Fenstertechnik"></A>&nbsp<br>
                                                                    ^
arbeitskreise/softwaretechnik/themenbereiche/analyse.html:747: HTML parser error : htmlParseEntityRef: expecting ';'
    <TD width="120" align="right"><A NAME="Funktionsmodell"></A>&nbsp<br>
                                                                     ^
arbeitskreise/softwaretechnik/themenbereiche/analyse.html:801: HTML parser error : htmlParseEntityRef: expecting ';'
    <TD width="120" align="right"><A NAME="Gegenstandsbereich"></A>&nbsp<br>
                                                                        ^
arbeitskreise/softwaretechnik/themenbereiche/analyse.html:855: HTML parser error : htmlParseEntityRef: expecting ';'
width="120" align="right"><A NAME="Graphische_Benutzungsschnittstelle"></A>&nbsp
                                                                               ^
arbeitskreise/softwaretechnik/themenbereiche/analyse.html:909: HTML parser error : htmlParseEntityRef: expecting ';'
    <TD width="120" align="right"><A NAME="Interaktionsentwurf"></A>&nbsp<br>
                                                                         ^
arbeitskreise/softwaretechnik/themenbereiche/analyse.html:966: HTML parser error : htmlParseEntityRef: expecting ';'
    <TD width="120" align="right"><A NAME="Kosten-Nutzen-Analyse"></A>&nbsp<br>
                                                                           ^
arbeitskreise/softwaretechnik/themenbereiche/analyse.html:1020: HTML parser error : htmlParseEntityRef: expecting ';'
    <TD width="120" align="right"><A NAME="Maskentechnik"></A>&nbsp<br>
                                                                   ^
arbeitskreise/softwaretechnik/themenbereiche/analyse.html:1074: HTML parser error : htmlParseEntityRef: expecting ';'
    <TD width="120" align="right"><A NAME="Mengengerüst"></A>&nbsp<br>
                                                                   ^
arbeitskreise/softwaretechnik/themenbereiche/analyse.html:1128: HTML parser error : htmlParseEntityRef: expecting ';'
    <TD width="120" align="right"><A NAME="Projekt_initialisieren"></A>&nbsp<br>
                                                                            ^
arbeitskreise/softwaretechnik/themenbereiche/analyse.html:1182: HTML parser error : htmlParseEntityRef: expecting ';'
    <TD width="120" align="right"><A NAME="Projektauftrag"></A>&nbsp<br>
                                                                    ^
arbeitskreise/softwaretechnik/themenbereiche/analyse.html:1236: HTML parser error : htmlParseEntityRef: expecting ';'
    <TD width="120" align="right"><A NAME="Projektziele_festlegen"></A>&nbsp<br>
                                                                            ^
arbeitskreise/softwaretechnik/themenbereiche/analyse.html:1290: HTML parser error : htmlParseEntityRef: expecting ';'
    <TD width="120" align="right"><A NAME="Qualitätssicherung"></A>&nbsp<br>
                                                                         ^
arbeitskreise/softwaretechnik/themenbereiche/analyse.html:1350: HTML parser error : htmlParseEntityRef: expecting ';'
    <TD width="120" align="right"><A NAME="Unternehmensdatenmodell"></A>&nbsp<br
                                                                             ^
arbeitskreise/softwaretechnik/themenbereiche/analyse.html:1404: HTML parser error : htmlParseEntityRef: expecting ';'
    <TD width="120" align="right"><A NAME="Unternehmensmodell"></A>&nbsp<br>
                                                                        ^
arbeitskreise/softwaretechnik/themenbereiche/analyse.html:1458: HTML parser error : htmlParseEntityRef: expecting ';'
<TD width="120" align="right"><A NAME="Unternehmensweite_Modellierung"></A>&nbsp
                                                                               ^
arbeitskreise/softwaretechnik/themenbereiche/analyse.html:1512: HTML parser error : htmlParseEntityRef: expecting ';'
    <TD width="120" align="right"><A NAME="Untersuchungsbereich"></A>&nbsp<br>
                                                                          ^
arbeitskreise/softwaretechnik/themenbereiche/analyse.html:1566: HTML parser error : htmlParseEntityRef: expecting ';'
    <TD width="120" align="right"><A NAME="Zielkatalog"></A>&nbsp<br>
                                                                 ^
arbeitskreise/softwaretechnik/themenbereiche/analyse.html:1599: HTML parser error : Unexpected end tag : a
#187;Projektziele  festlegen [<a href="../publak.html#HBB94b" >HBB+94b</a>].</a>
                                                                               ^
