arbeitskreise/softwaretechnik/themenbereiche/modell.html:42: HTML parser error : htmlParseEntityRef: expecting ';'
    <TD width="120" align="right"><A NAME="Anforderungen_definieren"></A>&nbsp<b
                                                                              ^
arbeitskreise/softwaretechnik/themenbereiche/modell.html:96: HTML parser error : htmlParseEntityRef: expecting ';'
    <TD width="120" align="right"><A NAME="Anwendungs-Funktionssicht"></A>&nbsp<
                                                                               ^
arbeitskreise/softwaretechnik/themenbereiche/modell.html:141: HTML parser error : Unexpected end tag : p
ausnummer, Postleitzahl, Wohnort</i>  des Entit&auml;tstyps <i>Kunde</i>.</p></p
                                                                               ^
arbeitskreise/softwaretechnik/themenbereiche/modell.html:150: HTML parser error : htmlParseEntityRef: expecting ';'
    <TD width="120" align="right"><A NAME="Anwendungssicht"></A>&nbsp<br>
                                                                     ^
arbeitskreise/softwaretechnik/themenbereiche/modell.html:204: HTML parser error : htmlParseEntityRef: expecting ';'
    <TD width="120" align="right"><A NAME="Attribut"></A>&nbsp<br>
                                                              ^
arbeitskreise/softwaretechnik/themenbereiche/modell.html:258: HTML parser error : htmlParseEntityRef: expecting ';'
    <TD width="120" align="right"><A NAME="Attributwert"></A>&nbsp<br>
                                                                  ^
arbeitskreise/softwaretechnik/themenbereiche/modell.html:312: HTML parser error : htmlParseEntityRef: expecting ';'
    <TD width="120" align="right"><A NAME="Benutzersicht"></A>&nbsp<br>
                                                                   ^
arbeitskreise/softwaretechnik/themenbereiche/modell.html:366: HTML parser error : htmlParseEntityRef: expecting ';'
    <TD width="120" align="right"><A NAME="Entität"></A>&nbsp<br>
                                                              ^
arbeitskreise/softwaretechnik/themenbereiche/modell.html:420: HTML parser error : htmlParseEntityRef: expecting ';'
 <TD width="120" align="right"><A NAME="Entitäts-/Beziehungsdiagramm"></A>&nbsp
                                                                               ^
arbeitskreise/softwaretechnik/themenbereiche/modell.html:474: HTML parser error : htmlParseEntityRef: expecting ';'
   <TD width="120" align="right"><A NAME="Entitäts-/Beziehungsmodell"></A>&nbsp
                                                                               ^
arbeitskreise/softwaretechnik/themenbereiche/modell.html:528: HTML parser error : htmlParseEntityRef: expecting ';'
    <TD width="120" align="right"><A NAME="Entitäts-Beziehung"></A>&nbsp<br>
                                                                         ^
arbeitskreise/softwaretechnik/themenbereiche/modell.html:582: HTML parser error : htmlParseEntityRef: expecting ';'
    <TD width="120" align="right"><A NAME="Entitäts-Beziehungstyp"></A>&nbsp<br
                                                                             ^
arbeitskreise/softwaretechnik/themenbereiche/modell.html:637: HTML parser error : htmlParseEntityRef: expecting ';'
    <TD width="120" align="right"><A NAME="Entitätsmenge"></A>&nbsp<br>
                                                                    ^
arbeitskreise/softwaretechnik/themenbereiche/modell.html:691: HTML parser error : htmlParseEntityRef: expecting ';'
    <TD width="120" align="right"><A NAME="Entitätstyp"></A>&nbsp<br>
                                                                  ^
arbeitskreise/softwaretechnik/themenbereiche/modell.html:745: HTML parser error : htmlParseEntityRef: expecting ';'
    <TD width="120" align="right"><A NAME="Funktionsbeziehung"></A>&nbsp<br>
                                                                        ^
arbeitskreise/softwaretechnik/themenbereiche/modell.html:799: HTML parser error : htmlParseEntityRef: expecting ';'
    <TD width="120" align="right"><A NAME="Schnittstelle"></A>&nbsp<br>
                                                                   ^
arbeitskreise/softwaretechnik/themenbereiche/modell.html:853: HTML parser error : htmlParseEntityRef: expecting ';'
    <TD width="120" align="right"><A NAME="Schnittstellen-Element"></A>&nbsp<br>
                                                                            ^
arbeitskreise/softwaretechnik/themenbereiche/modell.html:886: HTML parser error : Unexpected end tag : p
187;Schnittstelle</a> ist [<a href="../publak.html#HBB94b" >HBB+94b</a>].</p></p
                                                                               ^
arbeitskreise/softwaretechnik/themenbereiche/modell.html:907: HTML parser error : htmlParseEntityRef: expecting ';'
    <TD width="120" align="right"><A NAME="Subentitätsmenge"></A>&nbsp<br>
                                                                       ^
arbeitskreise/softwaretechnik/themenbereiche/modell.html:961: HTML parser error : htmlParseEntityRef: expecting ';'
    <TD width="120" align="right"><A NAME="Subentitätstyp"></A>&nbsp<br>
                                                                     ^
arbeitskreise/softwaretechnik/themenbereiche/modell.html:994: HTML parser error : Unexpected end tag : p
 href="#Attribut">&#187;Attribute</a>  und Beziehungen enthalten. </li> </ul></p
                                                                               ^
arbeitskreise/softwaretechnik/themenbereiche/modell.html:1015: HTML parser error : htmlParseEntityRef: expecting ';'
    <TD width="120" align="right"><A NAME="Wertebereich"></A>&nbsp<br>
                                                                  ^
