arbeitskreise/vorgehensmodelle/themenbereiche/ergebnisse.html:41: HTML parser error : htmlParseEntityRef: expecting ';'
    <TD width="120" align="right"><A NAME="Ergebnis"></A>&nbsp<br>
                                                              ^
arbeitskreise/vorgehensmodelle/themenbereiche/ergebnisse.html:95: HTML parser error : htmlParseEntityRef: expecting ';'
    <TD width="120" align="right"><A NAME="Ergebnisfluß"></A>&nbsp<br>
                                                                   ^
arbeitskreise/vorgehensmodelle/themenbereiche/ergebnisse.html:149: HTML parser error : htmlParseEntityRef: expecting ';'
    <TD width="120" align="right"><A NAME="Ergebnismuster"></A>&nbsp<br>
                                                                    ^
arbeitskreise/vorgehensmodelle/themenbereiche/ergebnisse.html:203: HTML parser error : htmlParseEntityRef: expecting ';'
    <TD width="120" align="right"><A NAME="Ergebnisschablone"></A>&nbsp<br>
                                                                       ^
arbeitskreise/vorgehensmodelle/themenbereiche/ergebnisse.html:258: HTML parser error : htmlParseEntityRef: expecting ';'
    <TD width="120" align="right"><A NAME="Ergebnisstruktur"></A>&nbsp<br>
                                                                      ^
arbeitskreise/vorgehensmodelle/themenbereiche/ergebnisse.html:312: HTML parser error : htmlParseEntityRef: expecting ';'
    <TD width="120" align="right"><A NAME="Ergebnistyp"></A>&nbsp<br>
                                                                 ^
arbeitskreise/vorgehensmodelle/themenbereiche/ergebnisse.html:360: HTML parser error : Unexpected end tag : p
</p>
    ^
arbeitskreise/vorgehensmodelle/themenbereiche/ergebnisse.html:378: HTML parser error : htmlParseEntityRef: expecting ';'
    <TD width="120" align="right"><A NAME="Ergebniszustand"></A>&nbsp<br>
                                                                     ^
arbeitskreise/vorgehensmodelle/themenbereiche/ergebnisse.html:432: HTML parser error : htmlParseEntityRef: expecting ';'
    <TD width="120" align="right"><A NAME="Meilenstein"></A>&nbsp<br>
                                                                 ^
arbeitskreise/vorgehensmodelle/themenbereiche/ergebnisse.html:487: HTML parser error : htmlParseEntityRef: expecting ';'
    <TD width="120" align="right"><A NAME="Modellierungssicht"></A>&nbsp<br>
                                                                        ^
arbeitskreise/vorgehensmodelle/themenbereiche/ergebnisse.html:541: HTML parser error : htmlParseEntityRef: expecting ';'
    <TD width="120" align="right"><A NAME="Repository"></A>&nbsp<br>
                                                                ^
