arbeitskreise/vorgehensmodelle/themenbereiche/prinzipMethodeWerkzeug.html:30: HTML parser error : error parsing attribute name
</head>
^
arbeitskreise/vorgehensmodelle/themenbereiche/prinzipMethodeWerkzeug.html:43: HTML parser error : htmlParseEntityRef: expecting ';'
    <TD width="120" align="right"><A NAME="Hilfsmittel"></A>&nbsp<br>
                                                                 ^
arbeitskreise/vorgehensmodelle/themenbereiche/prinzipMethodeWerkzeug.html:97: HTML parser error : htmlParseEntityRef: expecting ';'
    <TD width="120" align="right"><A NAME="Methode"></A>&nbsp<br>
                                                             ^
arbeitskreise/vorgehensmodelle/themenbereiche/prinzipMethodeWerkzeug.html:161: HTML parser error : htmlParseEntityRef: expecting ';'
    <TD width="120" align="right"><A NAME="Methodenbündel"></A>&nbsp<br>
                                                                     ^
arbeitskreise/vorgehensmodelle/themenbereiche/prinzipMethodeWerkzeug.html:215: HTML parser error : htmlParseEntityRef: expecting ';'
    <TD width="120" align="right"><A NAME="Methodenfamilie"></A>&nbsp<br>
                                                                     ^
arbeitskreise/vorgehensmodelle/themenbereiche/prinzipMethodeWerkzeug.html:269: HTML parser error : htmlParseEntityRef: expecting ';'
    <TD width="120" align="right"><A NAME="Methodologie"></A>&nbsp<br>
                                                                  ^
arbeitskreise/vorgehensmodelle/themenbereiche/prinzipMethodeWerkzeug.html:323: HTML parser error : htmlParseEntityRef: expecting ';'
    <TD width="120" align="right"><A NAME="Norm"></A>&nbsp<br>
                                                          ^
arbeitskreise/vorgehensmodelle/themenbereiche/prinzipMethodeWerkzeug.html:377: HTML parser error : htmlParseEntityRef: expecting ';'
    <TD width="120" align="right"><A NAME="Prinzip"></A>&nbsp<br>
                                                             ^
arbeitskreise/vorgehensmodelle/themenbereiche/prinzipMethodeWerkzeug.html:422: HTML parser error : Unexpected end tag : p
rf und Funktionsbaum <LI> Geheimnisprinzip und Programm-Modularisierung </UL></p
                                                                               ^
arbeitskreise/vorgehensmodelle/themenbereiche/prinzipMethodeWerkzeug.html:431: HTML parser error : htmlParseEntityRef: expecting ';'
    <TD width="120" align="right"><A NAME="Richtlinien"></A>&nbsp<br>
                                                                 ^
arbeitskreise/vorgehensmodelle/themenbereiche/prinzipMethodeWerkzeug.html:485: HTML parser error : htmlParseEntityRef: expecting ';'
idth="120" align="right"><A NAME="Software-Entwicklungsumgebung (SEU)"></A>&nbsp
                                                                               ^
arbeitskreise/vorgehensmodelle/themenbereiche/prinzipMethodeWerkzeug.html:542: HTML parser error : htmlParseEntityRef: expecting ';'
    <TD width="120" align="right"><A NAME="Standard"></A>&nbsp<br>
                                                              ^
arbeitskreise/vorgehensmodelle/themenbereiche/prinzipMethodeWerkzeug.html:596: HTML parser error : htmlParseEntityRef: expecting ';'
    <TD width="120" align="right"><A NAME="Technik"></A>&nbsp<br>
                                                             ^
arbeitskreise/vorgehensmodelle/themenbereiche/prinzipMethodeWerkzeug.html:650: HTML parser error : htmlParseEntityRef: expecting ';'
    <TD width="120" align="right"><A NAME="Verfahren"></A>&nbsp<br>
                                                               ^
arbeitskreise/vorgehensmodelle/themenbereiche/prinzipMethodeWerkzeug.html:704: HTML parser error : htmlParseEntityRef: expecting ';'
    <TD width="120" align="right"><A NAME="Werkzeug"></A>&nbsp<br>
                                                              ^
