arbeitskreise/vorgehensmodelle/themenbereiche/qualitaetsmanagement.html:42: HTML parser error : htmlParseEntityRef: expecting ';'
    <TD width="120" align="right"><A NAME="Fehler"></A>&nbsp<br>
                                                            ^
arbeitskreise/vorgehensmodelle/themenbereiche/qualitaetsmanagement.html:96: HTML parser error : htmlParseEntityRef: expecting ';'
    <TD width="120" align="right"><A NAME="Qualität"></A>&nbsp<br>
                                                               ^
arbeitskreise/vorgehensmodelle/themenbereiche/qualitaetsmanagement.html:150: HTML parser error : htmlParseEntityRef: expecting ';'
    <TD width="120" align="right"><A NAME="Qualitätslenkung"></A>&nbsp<br>
                                                                       ^
arbeitskreise/vorgehensmodelle/themenbereiche/qualitaetsmanagement.html:204: HTML parser error : htmlParseEntityRef: expecting ';'
    <TD width="120" align="right"><A NAME="Qualitätsmanagement"></A>&nbsp<br>
                                                                          ^
arbeitskreise/vorgehensmodelle/themenbereiche/qualitaetsmanagement.html:258: HTML parser error : htmlParseEntityRef: expecting ';'
   <TD width="120" align="right"><A NAME="Qualitätsmanagement-System"></A>&nbsp
                                                                               ^
arbeitskreise/vorgehensmodelle/themenbereiche/qualitaetsmanagement.html:313: HTML parser error : htmlParseEntityRef: expecting ';'
    <TD width="120" align="right"><A NAME="Qualitätsmerkmal"></A>&nbsp<br>
                                                                       ^
arbeitskreise/vorgehensmodelle/themenbereiche/qualitaetsmanagement.html:368: HTML parser error : htmlParseEntityRef: expecting ';'
    <TD width="120" align="right"><A NAME="Qualitätsplanung"></A>&nbsp<br>
                                                                       ^
arbeitskreise/vorgehensmodelle/themenbereiche/qualitaetsmanagement.html:423: HTML parser error : htmlParseEntityRef: expecting ';'
    <TD width="120" align="right"><A NAME="Qualitätsprüfung"></A>&nbsp<br>
                                                                        ^
arbeitskreise/vorgehensmodelle/themenbereiche/qualitaetsmanagement.html:477: HTML parser error : htmlParseEntityRef: expecting ';'
    <TD width="120" align="right"><A NAME="Qualitätssicherung"></A>&nbsp<br>
                                                                         ^
arbeitskreise/vorgehensmodelle/themenbereiche/qualitaetsmanagement.html:531: HTML parser error : htmlParseEntityRef: expecting ';'
    <TD width="120" align="right"><A NAME="Qualitätssicherungsplan"></A>&nbsp<b
                                                                              ^
arbeitskreise/vorgehensmodelle/themenbereiche/qualitaetsmanagement.html:585: HTML parser error : htmlParseEntityRef: expecting ';'
    <TD width="120" align="right"><A NAME="Qualitätsziel"></A>&nbsp<br>
                                                                    ^
arbeitskreise/vorgehensmodelle/themenbereiche/qualitaetsmanagement.html:639: HTML parser error : htmlParseEntityRef: expecting ';'
    <TD width="120" align="right"><A NAME="Software-Qualität"></A>&nbsp<br>
                                                                        ^
