arbeitskreise/agilemethoden/themenbereiche/agileframeworks.html:40: HTML parser error : htmlParseEntityRef: expecting ';'
<A NAME="Scrum"></A>&nbsp<br>
                         ^
arbeitskreise/agilemethoden/themenbereiche/agileframeworks.html:168: HTML parser error : htmlParseEntityRef: expecting ';'
&nbsp<br>
     ^
arbeitskreise/agilemethoden/themenbereiche/agileframeworks.html:169: HTML parser error : htmlParseEntityRef: expecting ';'
&nbsp<br>
     ^
arbeitskreise/agilemethoden/themenbereiche/agileframeworks.html:170: HTML parser error : htmlParseEntityRef: expecting ';'
&nbsp<br>
     ^
arbeitskreise/agilemethoden/themenbereiche/agileframeworks.html:171: HTML parser error : htmlParseEntityRef: expecting ';'
&nbsp<br>
     ^
arbeitskreise/agilemethoden/themenbereiche/agileframeworks.html:172: HTML parser error : htmlParseEntityRef: expecting ';'
&nbsp<br>
     ^
arbeitskreise/agilemethoden/themenbereiche/agileframeworks.html:173: HTML parser error : htmlParseEntityRef: expecting ';'
&nbsp<br>
     ^
arbeitskreise/agilemethoden/themenbereiche/agileframeworks.html:174: HTML parser error : htmlParseEntityRef: expecting ';'
&nbsp<br>
     ^
arbeitskreise/agilemethoden/themenbereiche/agileframeworks.html:175: HTML parser error : htmlParseEntityRef: expecting ';'
&nbsp<br>
     ^
arbeitskreise/agilemethoden/themenbereiche/agileframeworks.html:176: HTML parser error : htmlParseEntityRef: expecting ';'
&nbsp<br>
     ^
arbeitskreise/agilemethoden/themenbereiche/agileframeworks.html:177: HTML parser error : htmlParseEntityRef: expecting ';'
&nbsp<br>
     ^
arbeitskreise/agilemethoden/themenbereiche/agileframeworks.html:178: HTML parser error : htmlParseEntityRef: expecting ';'
&nbsp<br>
     ^
arbeitskreise/agilemethoden/themenbereiche/agileframeworks.html:179: HTML parser error : htmlParseEntityRef: expecting ';'
&nbsp<br>
     ^
arbeitskreise/agilemethoden/themenbereiche/agileframeworks.html:180: HTML parser error : htmlParseEntityRef: expecting ';'
&nbsp<br>
     ^
arbeitskreise/agilemethoden/themenbereiche/agileframeworks.html:181: HTML parser error : htmlParseEntityRef: expecting ';'
&nbsp<br>
     ^
arbeitskreise/agilemethoden/themenbereiche/agileframeworks.html:182: HTML parser error : htmlParseEntityRef: expecting ';'
&nbsp<br>
     ^
arbeitskreise/agilemethoden/themenbereiche/agileframeworks.html:183: HTML parser error : htmlParseEntityRef: expecting ';'
&nbsp<br>
     ^
arbeitskreise/agilemethoden/themenbereiche/agileframeworks.html:213: HTML parser error : htmlParseEntityRef: expecting ';'
&nbsp<br><br>
     ^
arbeitskreise/agilemethoden/themenbereiche/agileframeworks.html:238: HTML parser error : htmlParseEntityRef: expecting ';'
&nbsp<br>
     ^
arbeitskreise/agilemethoden/themenbereiche/agileframeworks.html:239: HTML parser error : htmlParseEntityRef: expecting ';'
&nbsp<br>
     ^
arbeitskreise/agilemethoden/themenbereiche/agileframeworks.html:240: HTML parser error : htmlParseEntityRef: expecting ';'
&nbsp<br>
     ^
arbeitskreise/agilemethoden/themenbereiche/agileframeworks.html:241: HTML parser error : htmlParseEntityRef: expecting ';'
&nbsp<br>
     ^
arbeitskreise/agilemethoden/themenbereiche/agileframeworks.html:242: HTML parser error : htmlParseEntityRef: expecting ';'
&nbsp<br>
     ^
arbeitskreise/agilemethoden/themenbereiche/agileframeworks.html:243: HTML parser error : htmlParseEntityRef: expecting ';'
&nbsp<br>
     ^
arbeitskreise/agilemethoden/themenbereiche/agileframeworks.html:244: HTML parser error : htmlParseEntityRef: expecting ';'
&nbsp<br>
     ^
arbeitskreise/agilemethoden/themenbereiche/agileframeworks.html:245: HTML parser error : htmlParseEntityRef: expecting ';'
&nbsp<br>
     ^
arbeitskreise/agilemethoden/themenbereiche/agileframeworks.html:246: HTML parser error : htmlParseEntityRef: expecting ';'
&nbsp<br>
     ^
arbeitskreise/agilemethoden/themenbereiche/agileframeworks.html:247: HTML parser error : htmlParseEntityRef: expecting ';'
&nbsp<br>
     ^
arbeitskreise/agilemethoden/themenbereiche/agileframeworks.html:248: HTML parser error : htmlParseEntityRef: expecting ';'
&nbsp<br>
     ^
arbeitskreise/agilemethoden/themenbereiche/agileframeworks.html:249: HTML parser error : htmlParseEntityRef: expecting ';'
&nbsp<br>
     ^
arbeitskreise/agilemethoden/themenbereiche/agileframeworks.html:250: HTML parser error : htmlParseEntityRef: expecting ';'
&nbsp<br>
     ^
arbeitskreise/agilemethoden/themenbereiche/agileframeworks.html:251: HTML parser error : htmlParseEntityRef: expecting ';'
&nbsp<br>
     ^
arbeitskreise/agilemethoden/themenbereiche/agileframeworks.html:252: HTML parser error : htmlParseEntityRef: expecting ';'
&nbsp<br>
     ^
arbeitskreise/agilemethoden/themenbereiche/agileframeworks.html:253: HTML parser error : htmlParseEntityRef: expecting ';'
&nbsp<br>
     ^
arbeitskreise/agilemethoden/themenbereiche/agileframeworks.html:254: HTML parser error : htmlParseEntityRef: expecting ';'
&nbsp<br>
     ^
arbeitskreise/agilemethoden/themenbereiche/agileframeworks.html:255: HTML parser error : htmlParseEntityRef: expecting ';'
&nbsp<br>
     ^
arbeitskreise/agilemethoden/themenbereiche/agileframeworks.html:256: HTML parser error : htmlParseEntityRef: expecting ';'
&nbsp<br>
     ^
arbeitskreise/agilemethoden/themenbereiche/agileframeworks.html:257: HTML parser error : htmlParseEntityRef: expecting ';'
&nbsp<br>
     ^
arbeitskreise/agilemethoden/themenbereiche/agileframeworks.html:258: HTML parser error : htmlParseEntityRef: expecting ';'
&nbsp<br>
     ^
arbeitskreise/agilemethoden/themenbereiche/agileframeworks.html:259: HTML parser error : htmlParseEntityRef: expecting ';'
&nbsp<br>
     ^
arbeitskreise/agilemethoden/themenbereiche/agileframeworks.html:260: HTML parser error : htmlParseEntityRef: expecting ';'
&nbsp<br>
     ^
arbeitskreise/agilemethoden/themenbereiche/agileframeworks.html:261: HTML parser error : htmlParseEntityRef: expecting ';'
&nbsp<br>
     ^
arbeitskreise/agilemethoden/themenbereiche/agileframeworks.html:262: HTML parser error : htmlParseEntityRef: expecting ';'
&nbsp<br>
     ^
arbeitskreise/agilemethoden/themenbereiche/agileframeworks.html:263: HTML parser error : htmlParseEntityRef: expecting ';'
&nbsp<br>
     ^
arbeitskreise/agilemethoden/themenbereiche/agileframeworks.html:264: HTML parser error : htmlParseEntityRef: expecting ';'
&nbsp<br>
     ^
arbeitskreise/agilemethoden/themenbereiche/agileframeworks.html:265: HTML parser error : htmlParseEntityRef: expecting ';'
&nbsp<br>
     ^
arbeitskreise/agilemethoden/themenbereiche/agileframeworks.html:266: HTML parser error : htmlParseEntityRef: expecting ';'
&nbsp<br>
     ^
arbeitskreise/agilemethoden/themenbereiche/agileframeworks.html:267: HTML parser error : htmlParseEntityRef: expecting ';'
&nbsp<br>
     ^
arbeitskreise/agilemethoden/themenbereiche/agileframeworks.html:268: HTML parser error : htmlParseEntityRef: expecting ';'
&nbsp<br>
     ^
arbeitskreise/agilemethoden/themenbereiche/agileframeworks.html:269: HTML parser error : htmlParseEntityRef: expecting ';'
&nbsp<br>
     ^
arbeitskreise/agilemethoden/themenbereiche/agileframeworks.html:270: HTML parser error : htmlParseEntityRef: expecting ';'
&nbsp<br>
     ^
arbeitskreise/agilemethoden/themenbereiche/agileframeworks.html:271: HTML parser error : htmlParseEntityRef: expecting ';'
&nbsp<br>
     ^
arbeitskreise/agilemethoden/themenbereiche/agileframeworks.html:272: HTML parser error : htmlParseEntityRef: expecting ';'
&nbsp<br>
     ^
