arbeitskreise/agilemethoden/themenbereiche/gemeinsamebegriffe.html:74: HTML parser error : Unexpected end tag : p
</UL></p>
         ^
arbeitskreise/agilemethoden/themenbereiche/gemeinsamebegriffe.html:85: HTML parser error : Unexpected end tag : p
chten lassen, um bessere Qualität und Zitierfähigkeit zu erreichen.  </UL></p>
                                                                               ^
arbeitskreise/agilemethoden/themenbereiche/gemeinsamebegriffe.html:269: HTML parser error : Unexpected end tag : p
</UL></p>
         ^
arbeitskreise/agilemethoden/themenbereiche/gemeinsamebegriffe.html:283: HTML parser error : Unexpected end tag : p
</UL></p>
         ^
arbeitskreise/agilemethoden/themenbereiche/gemeinsamebegriffe.html:373: HTML parser error : Unexpected end tag : p
</UL></p>
         ^
arbeitskreise/agilemethoden/themenbereiche/gemeinsamebegriffe.html:465: HTML parser error : Unexpected end tag : p
</UL></p>
         ^
arbeitskreise/agilemethoden/themenbereiche/gemeinsamebegriffe.html:491: HTML parser error : Unexpected end tag : p
</UL></p>
         ^
arbeitskreise/agilemethoden/themenbereiche/gemeinsamebegriffe.html:544: HTML parser error : Unexpected end tag : p
</UL></p>
         ^
arbeitskreise/agilemethoden/themenbereiche/gemeinsamebegriffe.html:600: HTML parser error : Tag rolle invalid
        Als <ROLLE> <br>
                  ^
arbeitskreise/agilemethoden/themenbereiche/gemeinsamebegriffe.html:601: HTML parser error : error parsing attribute name
        möchte ich <FUNKTIONALITÄT>, <br>
                                 ^
arbeitskreise/agilemethoden/themenbereiche/gemeinsamebegriffe.html:601: HTML parser error : Tag funktionalit invalid
        möchte ich <FUNKTIONALITÄT>, <br>
                                    ^
arbeitskreise/agilemethoden/themenbereiche/gemeinsamebegriffe.html:602: HTML parser error : Tag nutzen invalid
        damit <NUTZEN>. <br></p>
                     ^
