arbeitskreise/agilemethoden/themenbereiche/scrum.html:218: HTML parser error : Unexpected end tag : p
</p>
    ^
arbeitskreise/agilemethoden/themenbereiche/scrum.html:280: HTML parser error : Unexpected end tag : p
</p>
    ^
arbeitskreise/agilemethoden/themenbereiche/scrum.html:341: HTML parser error : Unexpected end tag : p
</p>
    ^
arbeitskreise/agilemethoden/themenbereiche/scrum.html:395: HTML parser error : Unexpected end tag : p
</p>
    ^
arbeitskreise/agilemethoden/themenbereiche/scrum.html:640: HTML parser error : Unexpected end tag : p
</p>
    ^
arbeitskreise/agilemethoden/themenbereiche/scrum.html:646: HTML parser error : Unexpected end tag : p
</p>
    ^
arbeitskreise/agilemethoden/themenbereiche/scrum.html:765: HTML parser error : Unexpected end tag : p
</UL></p>
         ^
arbeitskreise/agilemethoden/themenbereiche/scrum.html:770: HTML parser error : Unexpected end tag : p
</UL></p>
         ^
arbeitskreise/agilemethoden/themenbereiche/scrum.html:888: HTML parser error : Unexpected end tag : p
</UL></p>
         ^
arbeitskreise/agilemethoden/themenbereiche/scrum.html:891: HTML parser error : htmlParseEntityRef: no name
rpasste Gelegenheit den Ist-Stand zu erfassen und darauf zu reagieren [Inspect &
                                                                               ^
arbeitskreise/agilemethoden/themenbereiche/scrum.html:1009: HTML parser error : Unexpected end tag : p
</UL></p>
         ^
arbeitskreise/agilemethoden/themenbereiche/scrum.html:1133: HTML parser error : Unexpected end tag : p
</UL></p> 
         ^
arbeitskreise/agilemethoden/themenbereiche/scrum.html:1259: HTML parser error : Unexpected end tag : p
	</UL></p>
	         ^
arbeitskreise/agilemethoden/themenbereiche/scrum.html:1263: HTML parser error : Unexpected end tag : p
	</UL></p>
	         ^
arbeitskreise/agilemethoden/themenbereiche/scrum.html:1275: HTML parser error : Unexpected end tag : p
	</p>
	    ^
arbeitskreise/agilemethoden/themenbereiche/scrum.html:1451: HTML parser error : Unexpected end tag : p
</p>
    ^
