arbeitskreise/agilemethoden/themenbereiche/xp.html:99: HTML parser error : error parsing attribute name
	<LI><a href="./xp.html#Metapher (XP)">&#187;Metapher</a>
	              ^
arbeitskreise/agilemethoden/themenbereiche/xp.html:99: HTML parser error : error parsing attribute name
	<LI><a href="./xp.html#Metapher (XP)">&#187;Metapher</a>
	                                ^
arbeitskreise/agilemethoden/themenbereiche/xp.html:105: HTML parser error : Unexpected end tag : p
</UL></p>
         ^
arbeitskreise/agilemethoden/themenbereiche/xp.html:125: HTML parser error : Unexpected end tag : p
	</UL></p>
	         ^
arbeitskreise/agilemethoden/themenbereiche/xp.html:127: HTML parser error : Unexpected end tag : p
, vertraglicher Funktionsumfang)<LI>Pay per Use (Bezahlung pro Nutzung)</UL></p>
                                                                               ^
arbeitskreise/agilemethoden/themenbereiche/xp.html:129: HTML parser error : Unexpected end tag : p
mentelle Änderungen<LI>Veränderungen annehmen<LI>Qualität der Arbeit</UL></p>
                                                                               ^
arbeitskreise/agilemethoden/themenbereiche/xp.html:129: HTML parser error : Unexpected end tag : p
elle Änderungen<LI>Veränderungen annehmen<LI>Qualität der Arbeit</UL></p></p>
                                                                               ^
arbeitskreise/agilemethoden/themenbereiche/xp.html:131: HTML parser error : Unexpected end tag : p
nagement, wie Urlaubsanträge, Arbeitszeitkontrolle usw.<LI>Teambildung</UL></p>
                                                                               ^
arbeitskreise/agilemethoden/themenbereiche/xp.html:133: HTML parser error : Unexpected end tag : p
ind: <UL><LI>Kommunikation<LI>Einfachheit<LI>Feedback<LI>Respekt<LI>Mut</UL></p>
                                                                               ^
arbeitskreise/agilemethoden/themenbereiche/xp.html:133: HTML parser error : Unexpected end tag : p
 <UL><LI>Kommunikation<LI>Einfachheit<LI>Feedback<LI>Respekt<LI>Mut</UL></p></p>
                                                                               ^
arbeitskreise/agilemethoden/themenbereiche/xp.html:133: HTML parser error : Unexpected end tag : p
wicklern</a>, <a href="./xp.html#Kunde (XP)">&#187;Kunden (XP)</a> usw.</UL></p>
                                                                               ^
arbeitskreise/agilemethoden/themenbereiche/xp.html:133: HTML parser error : Unexpected end tag : p
n und nicht irgendwelche, vielleicht irgendwann einmal dazu kommenden. </UL></p>
                                                                               ^
arbeitskreise/agilemethoden/themenbereiche/xp.html:133: HTML parser error : Unexpected end tag : p
I>von <a href="./xp.html#Kunden (XP)">&#187;Kunden (XP)</a><LI>vom Team</UL></p>
                                                                               ^
