begriffe/d.html:49: HTML parser error : Tag nobr invalid
     <td class="p"><nobr><a href="../arbeitskreise/agilemethoden/themenbereiche/
                        ^
begriffe/d.html:53: HTML parser error : Tag nobr invalid
     <td class="p"><nobr><a href="../arbeitskreise/softwaretechnik/themenbereich
                        ^
begriffe/d.html:57: HTML parser error : Tag nobr invalid
     <td class="p"><nobr><a href="../arbeitskreise/softwaretechnik/themenbereich
                        ^
begriffe/d.html:61: HTML parser error : Tag nobr invalid
     <td class="p"><nobr><a href="../arbeitskreise/objektorientierung/themenbere
                        ^
begriffe/d.html:65: HTML parser error : Tag nobr invalid
     <td class="p"><nobr><a href="../arbeitskreise/agilemethoden/themenbereiche/
                        ^
begriffe/d.html:70: HTML parser error : Tag nobr invalid
     <td class="p"><nobr><a href="../arbeitskreise/agilemethoden/themenbereiche/
                        ^
begriffe/d.html:75: HTML parser error : Tag nobr invalid
     <td class="p"><nobr><a href="../arbeitskreise/softwaretechnik/themenbereich
                        ^
begriffe/d.html:80: HTML parser error : Tag nobr invalid
     <td class="p"><nobr><a href="../arbeitskreise/agilemethoden/themenbereiche/
                        ^
begriffe/d.html:85: HTML parser error : Tag nobr invalid
     <td class="p"><nobr><a href="../arbeitskreise/softwaretechnik/themenbereich
                        ^
