begriffe/e.html:43: HTML parser error : Tag nobr invalid
     <td class="p"><nobr><a href="../arbeitskreise/objektorientierung/themenbere
                        ^
begriffe/e.html:48: HTML parser error : Tag nobr invalid
     <td class="p"><nobr><a href="../arbeitskreise/agilemethoden/themenbereiche/
                        ^
begriffe/e.html:53: HTML parser error : Tag nobr invalid
     <td class="p"><nobr><a href="../arbeitskreise/objektorientierung/themenbere
                        ^
begriffe/e.html:58: HTML parser error : Tag nobr invalid
     <td class="p"><nobr><a href="../arbeitskreise/agilemethoden/themenbereiche/
                        ^
begriffe/e.html:63: HTML parser error : Tag nobr invalid
     <td class="p"><nobr><a href="../arbeitskreise/softwaretechnik/themenbereich
                        ^
begriffe/e.html:67: HTML parser error : Tag nobr invalid
     <td class="p"><nobr><a href="../arbeitskreise/softwaretechnik/themenbereich
                        ^
begriffe/e.html:71: HTML parser error : Tag nobr invalid
     <td class="p"><nobr><a href="../arbeitskreise/softwaretechnik/themenbereich
                        ^
begriffe/e.html:75: HTML parser error : Tag nobr invalid
     <td class="p"><nobr><a href="../arbeitskreise/softwaretechnik/themenbereich
                        ^
begriffe/e.html:79: HTML parser error : Tag nobr invalid
     <td class="p"><nobr><a href="../arbeitskreise/softwaretechnik/themenbereich
                        ^
begriffe/e.html:83: HTML parser error : Tag nobr invalid
     <td class="p"><nobr><a href="../arbeitskreise/softwaretechnik/themenbereich
                        ^
begriffe/e.html:87: HTML parser error : Tag nobr invalid
     <td class="p"><nobr><a href="../arbeitskreise/softwaretechnik/themenbereich
                        ^
begriffe/e.html:91: HTML parser error : Tag nobr invalid
     <td class="p"><nobr><a href="../arbeitskreise/vorgehensmodelle/themenbereic
                        ^
begriffe/e.html:95: HTML parser error : Tag nobr invalid
     <td class="p"><nobr><a href="../arbeitskreise/vorgehensmodelle/themenbereic
                        ^
begriffe/e.html:100: HTML parser error : Tag nobr invalid
     <td class="p"><nobr><a href="../arbeitskreise/agilemethoden/themenbereiche/
                        ^
begriffe/e.html:105: HTML parser error : Tag nobr invalid
     <td class="p"><nobr><a href="../arbeitskreise/agilemethoden/themenbereiche/
                        ^
begriffe/e.html:109: HTML parser error : Tag nobr invalid
     <td class="p"><nobr><a href="../arbeitskreise/objektorientierung/themenbere
                        ^
begriffe/e.html:113: HTML parser error : Tag nobr invalid
     <td class="p"><nobr><a href="../arbeitskreise/geschaeftsprozesse/themenbere
                        ^
begriffe/e.html:117: HTML parser error : Tag nobr invalid
     <td class="p"><nobr><a href="../arbeitskreise/geschaeftsprozesse/themenbere
                        ^
begriffe/e.html:121: HTML parser error : Tag nobr invalid
     <td class="p"><nobr><a href="../arbeitskreise/vorgehensmodelle/themenbereic
                        ^
begriffe/e.html:125: HTML parser error : Tag nobr invalid
     <td class="p"><nobr><a href="../arbeitskreise/vorgehensmodelle/themenbereic
                        ^
begriffe/e.html:129: HTML parser error : Tag nobr invalid
     <td class="p"><nobr><a href="../arbeitskreise/vorgehensmodelle/themenbereic
                        ^
begriffe/e.html:133: HTML parser error : Tag nobr invalid
     <td class="p"><nobr><a href="../arbeitskreise/vorgehensmodelle/themenbereic
                        ^
begriffe/e.html:137: HTML parser error : Tag nobr invalid
     <td class="p"><nobr><a href="../arbeitskreise/vorgehensmodelle/themenbereic
                        ^
begriffe/e.html:141: HTML parser error : Tag nobr invalid
     <td class="p"><nobr><a href="../arbeitskreise/vorgehensmodelle/themenbereic
                        ^
begriffe/e.html:145: HTML parser error : Tag nobr invalid
     <td class="p"><nobr><a href="../arbeitskreise/vorgehensmodelle/themenbereic
                        ^
begriffe/e.html:149: HTML parser error : Tag nobr invalid
     <td class="p"><nobr><a href="../arbeitskreise/vorgehensmodelle/themenbereic
                        ^
begriffe/e.html:153: HTML parser error : Tag nobr invalid
     <td class="p"><nobr><a href="../arbeitskreise/objektorientierung/themenbere
                        ^
begriffe/e.html:157: HTML parser error : Tag nobr invalid
     <td class="p"><nobr><a href="../arbeitskreise/kanban/themenbereiche/kanban.
                        ^
