begriffe/i.html:43: HTML parser error : Tag nobr invalid
     <td class="p"><nobr><a href="../arbeitskreise/agilemethoden/themenbereiche/
                        ^
begriffe/i.html:48: HTML parser error : Tag nobr invalid
     <td class="p"><nobr><a href="../arbeitskreise/agilemethoden/themenbereiche/
                        ^
begriffe/i.html:53: HTML parser error : Tag nobr invalid
     <td class="p"><nobr><a href="../arbeitskreise/agilemethoden/themenbereiche/
                        ^
begriffe/i.html:58: HTML parser error : Tag nobr invalid
     <td class="p"><nobr><a href="../arbeitskreise/agilemethoden/themenbereiche/
                        ^
begriffe/i.html:63: HTML parser error : Tag nobr invalid
     <td class="p"><nobr><a href="../arbeitskreise/vorgehensmodelle/themenbereic
                        ^
begriffe/i.html:67: HTML parser error : Tag nobr invalid
     <td class="p"><nobr><a href="../arbeitskreise/kanban/themenbereiche/kanban.
                        ^
begriffe/i.html:71: HTML parser error : Tag nobr invalid
     <td class="p"><nobr><a href="../arbeitskreise/objektorientierung/themenbere
                        ^
begriffe/i.html:75: HTML parser error : Tag nobr invalid
     <td class="p"><nobr><a href="../arbeitskreise/objektorientierung/themenbere
                        ^
begriffe/i.html:79: HTML parser error : Tag nobr invalid
     <td class="p"><nobr><a href="../arbeitskreise/objektorientierung/themenbere
                        ^
begriffe/i.html:83: HTML parser error : Tag nobr invalid
     <td class="p"><nobr><a href="../arbeitskreise/geschaeftsprozesse/themenbere
                        ^
begriffe/i.html:87: HTML parser error : Tag nobr invalid
     <td class="p"><nobr><a href="../arbeitskreise/softwaretechnik/themenbereich
                        ^
begriffe/i.html:91: HTML parser error : Tag nobr invalid
     <td class="p"><nobr><a href="../arbeitskreise/agilemethoden/themenbereiche/
                        ^
begriffe/i.html:95: HTML parser error : Tag nobr invalid
     <td class="p"><nobr><a href="../arbeitskreise/objektorientierung/themenbere
                        ^
begriffe/i.html:99: HTML parser error : Tag nobr invalid
     <td class="p"><nobr><a href="../arbeitskreise/geschaeftsprozesse/themenbere
                        ^
begriffe/i.html:103: HTML parser error : Tag nobr invalid
     <td class="p"><nobr><a href="../arbeitskreise/agilemethoden/themenbereiche/
                        ^
begriffe/i.html:107: HTML parser error : Tag nobr invalid
     <td class="p"><nobr><a href="../arbeitskreise/vorgehensmodelle/themenbereic
                        ^
