begriffe/r.html:43: HTML parser error : Tag nobr invalid
     <td class="p"><nobr><a href="../arbeitskreise/vorgehensmodelle/themenbereic
                        ^
begriffe/r.html:48: HTML parser error : Tag nobr invalid
     <td class="p"><nobr><a href="../arbeitskreise/agilemethoden/themenbereiche/
                        ^
begriffe/r.html:53: HTML parser error : Tag nobr invalid
     <td class="p"><nobr><a href="../arbeitskreise/vorgehensmodelle/themenbereic
                        ^
begriffe/r.html:58: HTML parser error : Tag nobr invalid
     <td class="p"><nobr><a href="../arbeitskreise/kanban/themenbereiche/kanban.
                        ^
begriffe/r.html:62: HTML parser error : Tag nobr invalid
     <td class="p"><nobr><a href="../arbeitskreise/vorgehensmodelle/themenbereic
                        ^
begriffe/r.html:67: HTML parser error : Tag nobr invalid
     <td class="p"><nobr><a href="../arbeitskreise/agilemethoden/themenbereiche/
                        ^
begriffe/r.html:71: HTML parser error : Tag nobr invalid
     <td class="p"><nobr><a href="../arbeitskreise/vorgehensmodelle/themenbereic
                        ^
begriffe/r.html:75: HTML parser error : Tag nobr invalid
     <td class="p"><nobr><a href="../arbeitskreise/geschaeftsprozesse/themenbere
                        ^
begriffe/r.html:79: HTML parser error : Tag nobr invalid
     <td class="p"><nobr><a href="../arbeitskreise/vorgehensmodelle/themenbereic
                        ^
begriffe/r.html:83: HTML parser error : Tag nobr invalid
     <td class="p"><nobr><a href="../arbeitskreise/vorgehensmodelle/themenbereic
                        ^
begriffe/r.html:87: HTML parser error : Tag nobr invalid
     <td class="p"><nobr><a href="../arbeitskreise/vorgehensmodelle/themenbereic
                        ^
begriffe/r.html:91: HTML parser error : Tag nobr invalid
     <td class="p"><nobr><a href="../arbeitskreise/geschaeftsprozesse/themenbere
                        ^
