begriffe/s.html:43: HTML parser error : Tag nobr invalid
     <td class="p"><nobr><a href="../arbeitskreise/softwaretechnik/themenbereich
                        ^
begriffe/s.html:48: HTML parser error : Tag nobr invalid
     <td class="p"><nobr><a href="../arbeitskreise/softwaretechnik/themenbereich
                        ^
begriffe/s.html:53: HTML parser error : Tag nobr invalid
     <td class="p"><nobr><a href="../arbeitskreise\agilemethoden\themenbereiche\
                        ^
begriffe/s.html:58: HTML parser error : Tag nobr invalid
     <td class="p"><nobr><a href="../arbeitskreise/agilemethoden/themenbereiche/
                        ^
begriffe/s.html:63: HTML parser error : Tag nobr invalid
     <td class="p"><nobr><a href="../arbeitskreise/agilemethoden/themenbereiche/
                        ^
begriffe/s.html:68: HTML parser error : Tag nobr invalid
     <td class="p"><nobr><a href="../arbeitskreise/agilemethoden/themenbereiche/
                        ^
begriffe/s.html:72: HTML parser error : Tag nobr invalid
     <td class="p"><nobr><a href="../arbeitskreise/agilemethoden/themenbereiche/
                        ^
begriffe/s.html:77: HTML parser error : Tag nobr invalid
     <td class="p"><nobr><a href="../arbeitskreise/agilemethoden/themenbereiche/
                        ^
begriffe/s.html:82: HTML parser error : Tag nobr invalid
     <td class="p"><nobr><a href="../arbeitskreise/agilemethoden/themenbereiche/
                        ^
begriffe/s.html:87: HTML parser error : Tag nobr invalid
     <td class="p"><nobr><a href="../arbeitskreise/geschaeftsprozesse/themenbere
                        ^
begriffe/s.html:91: HTML parser error : Tag nobr invalid
     <td class="p"><nobr><a href="../arbeitskreise/geschaeftsprozesse/themenbere
                        ^
begriffe/s.html:95: HTML parser error : Tag nobr invalid
     <td class="p"><nobr><a href="../arbeitskreise/vorgehensmodelle/themenbereic
                        ^
begriffe/s.html:99: HTML parser error : Tag nobr invalid
     <td class="p"><nobr><a href="../arbeitskreise/geschaeftsprozesse/themenbere
                        ^
begriffe/s.html:103: HTML parser error : Tag nobr invalid
     <td class="p"><nobr><a href="../arbeitskreise/kanban/themenbereiche/kanban.
                        ^
begriffe/s.html:107: HTML parser error : Tag nobr invalid
     <td class="p"><nobr><a href="../arbeitskreise/objektorientierung/themenbere
                        ^
begriffe/s.html:112: HTML parser error : Tag nobr invalid
     <td class="p"><nobr><a href="../arbeitskreise/agilemethoden/themenbereiche/
                        ^
begriffe/s.html:117: HTML parser error : Tag nobr invalid
     <td class="p"><nobr><a href="../arbeitskreise/softwaretechnik/themenbereich
                        ^
begriffe/s.html:122: HTML parser error : Tag nobr invalid
     <td class="p"><nobr><a href="../arbeitskreise/vorgehensmodelle/themenbereic
                        ^
begriffe/s.html:127: HTML parser error : Tag nobr invalid
     <td class="p"><nobr><a href="../arbeitskreise/agilemethoden/themenbereiche/
                        ^
begriffe/s.html:132: HTML parser error : Tag nobr invalid
     <td class="p"><nobr><a href="../arbeitskreise/vorgehensmodelle/themenbereic
                        ^
begriffe/s.html:137: HTML parser error : Tag nobr invalid
     <td class="p"><nobr><a href="../arbeitskreise\agilemethoden\themenbereiche\
                        ^
begriffe/s.html:142: HTML parser error : Tag nobr invalid
     <td class="p"><nobr><a href="../arbeitskreise/vorgehensmodelle/themenbereic
                        ^
begriffe/s.html:146: HTML parser error : Tag nobr invalid
     <td class="p"><nobr><a href="../arbeitskreise/vorgehensmodelle/themenbereic
                        ^
begriffe/s.html:150: HTML parser error : Tag nobr invalid
     <td class="p"><nobr><a href="../arbeitskreise/vorgehensmodelle/themenbereic
                        ^
begriffe/s.html:154: HTML parser error : Tag nobr invalid
     <td class="p"><nobr><a href="../arbeitskreise/objektorientierung/themenbere
                        ^
begriffe/s.html:159: HTML parser error : Tag nobr invalid
     <td class="p"><nobr><a href="../arbeitskreise/agilemethoden/themenbereiche/
                        ^
begriffe/s.html:164: HTML parser error : Tag nobr invalid
     <td class="p"><nobr><a href="../arbeitskreise/agilemethoden/themenbereiche/
                        ^
begriffe/s.html:169: HTML parser error : Tag nobr invalid
     <td class="p"><nobr><a href="../arbeitskreise/agilemethoden/themenbereiche/
                        ^
begriffe/s.html:173: HTML parser error : Tag nobr invalid
     <td class="p"><nobr><a href="../arbeitskreise/agilemethoden/themenbereiche/
                        ^
begriffe/s.html:177: HTML parser error : Tag nobr invalid
     <td class="p"><nobr><a href="../arbeitskreise/agilemethoden/themenbereiche/
                        ^
begriffe/s.html:181: HTML parser error : Tag nobr invalid
     <td class="p"><nobr><a href="../arbeitskreise/agilemethoden/themenbereiche/
                        ^
begriffe/s.html:185: HTML parser error : Tag nobr invalid
     <td class="p"><nobr><a href="../arbeitskreise/agilemethoden/themenbereiche/
                        ^
begriffe/s.html:189: HTML parser error : Tag nobr invalid
     <td class="p"><nobr><a href="../arbeitskreise/vorgehensmodelle/themenbereic
                        ^
begriffe/s.html:193: HTML parser error : Tag nobr invalid
     <td class="p"><nobr><a href="../arbeitskreise/vorgehensmodelle/themenbereic
                        ^
begriffe/s.html:198: HTML parser error : Tag nobr invalid
     <td class="p"><nobr><a href="../arbeitskreise/agilemethoden/themenbereiche/
                        ^
begriffe/s.html:203: HTML parser error : Tag nobr invalid
     <td class="p"><nobr><a href="../arbeitskreise/agilemethoden/themenbereiche/
                        ^
begriffe/s.html:208: HTML parser error : Tag nobr invalid
     <td class="p"><nobr><a href="../arbeitskreise/agilemethoden/themenbereiche/
                        ^
begriffe/s.html:213: HTML parser error : Tag nobr invalid
     <td class="p"><nobr><a href="../arbeitskreise/agilemethoden/themenbereiche/
                        ^
begriffe/s.html:218: HTML parser error : Tag nobr invalid
     <td class="p"><nobr><a href="../arbeitskreise/softwaretechnik/themenbereich
                        ^
begriffe/s.html:223: HTML parser error : Tag nobr invalid
     <td class="p"><nobr><a href="../arbeitskreise/softwaretechnik/themenbereich
                        ^
begriffe/s.html:228: HTML parser error : Tag nobr invalid
     <td class="p"><nobr><a href="../arbeitskreise/objektorientierung/themenbere
                        ^
begriffe/s.html:233: HTML parser error : Tag nobr invalid
     <td class="p"><nobr><a href="../arbeitskreise/objektorientierung/themenbere
                        ^
begriffe/s.html:238: HTML parser error : Tag nobr invalid
     <td class="p"><nobr><a href="../arbeitskreise/agilemethoden/themenbereiche/
                        ^
begriffe/s.html:242: HTML parser error : Tag nobr invalid
     <td class="p"><nobr><a href="../arbeitskreise/kanban/themenbereiche/kanban.
                        ^
begriffe/s.html:246: HTML parser error : Tag nobr invalid
     <td class="p"><nobr><a href="../arbeitskreise/softwaretechnik/themenbereich
                        ^
