begriffe/t.html:43: HTML parser error : Tag nobr invalid
     <td class="p"><nobr><a href="../arbeitskreise/agilemethoden/themenbereiche/
                        ^
begriffe/t.html:47: HTML parser error : Tag nobr invalid
     <td class="p"><nobr><a href="../arbeitskreise/agilemethoden/themenbereiche/
                        ^
begriffe/t.html:52: HTML parser error : Tag nobr invalid
     <td class="p"><nobr><a href="../arbeitskreise/agilemethoden/themenbereiche/
                        ^
begriffe/t.html:57: HTML parser error : Tag nobr invalid
     <td class="p"><nobr><a href="../arbeitskreise/vorgehensmodelle/themenbereic
                        ^
begriffe/t.html:62: HTML parser error : Tag nobr invalid
     <td class="p"><nobr><a href="../arbeitskreise/geschaeftsprozesse/themenbere
                        ^
begriffe/t.html:67: HTML parser error : Tag nobr invalid
     <td class="p"><nobr><a href="../arbeitskreise/agilemethoden/themenbereiche/
                        ^
begriffe/t.html:72: HTML parser error : Tag nobr invalid
     <td class="p"><nobr><a href="../arbeitskreise/agilemethoden/themenbereiche/
                        ^
begriffe/t.html:77: HTML parser error : Tag nobr invalid
     <td class="p"><nobr><a href="../arbeitskreise/agilemethoden/themenbereiche/
                        ^
begriffe/t.html:81: HTML parser error : Tag nobr invalid
     <td class="p"><nobr><a href="../arbeitskreise/objektorientierung/themenbere
                        ^
