begriffe/w.html:41: HTML parser error : Tag nobr invalid
     <td class="p"><nobr><a href="../arbeitskreise/vorgehensmodelle/themenbereic
                        ^
begriffe/w.html:46: HTML parser error : Tag nobr invalid
     <td class="p"><nobr><a href="../arbeitskreise/objektorientierung/themenbere
                        ^
begriffe/w.html:51: HTML parser error : Tag nobr invalid
     <td class="p"><nobr><a href="../arbeitskreise/softwaretechnik/themenbereich
                        ^
begriffe/w.html:56: HTML parser error : Tag nobr invalid
     <td class="p"><nobr><a href="../arbeitskreise/agilemethoden/themenbereiche/
                        ^
begriffe/w.html:60: HTML parser error : Tag nobr invalid
     <td class="p"><nobr><a href="../arbeitskreise/kanban/themenbereiche/kanban.
                        ^
begriffe/w.html:64: HTML parser error : Tag nobr invalid
     <td class="p"><nobr><a href="../arbeitskreise/kanban/themenbereiche/kanban.
                        ^
begriffe/w.html:68: HTML parser error : Tag nobr invalid
     <td class="p"><nobr><a href="../arbeitskreise/agilemethoden/themenbereiche/
                        ^
begriffe/w.html:73: HTML parser error : Tag nobr invalid
     <td class="p"><nobr><a href="../arbeitskreise/kanban/themenbereiche/kanban.
                        ^
begriffe/w.html:77: HTML parser error : Tag nobr invalid
     <td class="p"><nobr><a href="../arbeitskreise/geschaeftsprozesse/themenbere
                        ^
begriffe/w.html:81: HTML parser error : Tag nobr invalid
     <td class="p"><nobr><a href="../arbeitskreise/geschaeftsprozesse/themenbere
                        ^
begriffe/w.html:86: HTML parser error : Tag nobr invalid
     <td class="p"><nobr><a href="../arbeitskreise/geschaeftsprozesse/themenbere
                        ^
