arbeitskreise/geschaeftsprozesse/themenbereiche/management.html:43: HTML parser error : htmlParseEntityRef: expecting ';'
    <TD width="120" align="right"><A NAME="Geschäftsprozess-Analyse"></A>&nbsp<
                                                                               ^
arbeitskreise/geschaeftsprozesse/themenbereiche/management.html:91: HTML parser error : Unexpected end tag : br
ossenschaftlichen Viehhandel" [<A href="../publallg.html#VoTh09">VoTh09</A>]</br
                                                                               ^
arbeitskreise/geschaeftsprozesse/themenbereiche/management.html:101: HTML parser error : htmlParseEntityRef: expecting ';'
<TD width="120" align="right"><A NAME="Geschäftsprozess-Lebenszyklus"></A>&nbsp
                                                                               ^
arbeitskreise/geschaeftsprozesse/themenbereiche/management.html:157: HTML parser error : htmlParseEntityRef: expecting ';'
  <TD width="120" align="right"><A NAME="Geschäftsprozess-Management"></A>&nbsp
                                                                               ^
arbeitskreise/geschaeftsprozesse/themenbereiche/management.html:218: HTML parser error : htmlParseEntityRef: expecting ';'
TD width="120" align="right"><A NAME="Geschäftsprozess-Neugestaltung"></A>&nbsp
                                                                               ^
arbeitskreise/geschaeftsprozesse/themenbereiche/management.html:274: HTML parser error : htmlParseEntityRef: expecting ';'
 <TD width="120" align="right"><A NAME="Geschäftsprozess-Optimierung"></A>&nbsp
                                                                               ^
arbeitskreise/geschaeftsprozesse/themenbereiche/management.html:330: HTML parser error : htmlParseEntityRef: expecting ';'
   <TD width="120" align="right"><A NAME="Geschäftsprozess-Qualität"></A>&nbsp
                                                                               ^
arbeitskreise/geschaeftsprozesse/themenbereiche/management.html:392: HTML parser error : htmlParseEntityRef: expecting ';'
  <TD width="120" align="right"><A NAME="Geschäftsprozess-Simulation"></A>&nbsp
                                                                               ^
arbeitskreise/geschaeftsprozesse/themenbereiche/management.html:449: HTML parser error : htmlParseEntityRef: expecting ';'
    <TD width="120" align="right"><A NAME="Prozess-Kennzahl"></A>&nbsp<br>
                                                                      ^
arbeitskreise/geschaeftsprozesse/themenbereiche/management.html:505: HTML parser error : htmlParseEntityRef: expecting ';'
   <TD width="120" align="right"><A NAME="Prozessleistungs-Management"></A>&nbsp
                                                                               ^
arbeitskreise/geschaeftsprozesse/themenbereiche/management.html:561: HTML parser error : htmlParseEntityRef: expecting ';'
    <TD width="120" align="right"><A NAME="Workflow Management"></A>&nbsp<br>
                                                                         ^
arbeitskreise/geschaeftsprozesse/themenbereiche/management.html:617: HTML parser error : htmlParseEntityRef: expecting ';'
    <TD width="120" align="right"><A NAME="Workflow Management-System"></A>&nbsp
                                                                               ^
